<?xml version="1.0" encoding="UTF-8"?>
<!-- Generated by org.testng.reporters.JUnitReportReporter -->
<testsuite skipped="0" hostname="Lad" name="AmazoneTest" tests="1" failures="0" timestamp="12 Jan 2018 07:10:25 GMT" time="24.262" errors="0">
  <testcase name="amazon" time="24.262" classname="AmazoneTest"/>
</testsuite> <!-- AmazoneTest -->
